<?xml version="1.0" encoding="UTF-8"?>
<!-- Generated by org.testng.reporters.JUnitReportReporter -->
<testsuite hostname="DESKTOP-OD9QNNJ" failures="0" tests="4" name="com.guru99bankV4_testCases.LoginSectionTests" time="50.124" errors="0" timestamp="29 Oct 2023 07:30:33 GMT" skipped="0">
  <testcase classname="com.guru99bankV4_testCases.LoginSectionTests" name="ss2_ss3_ss4" time="14.041"/>
  <testcase classname="com.guru99bankV4_testCases.LoginSectionTests" name="ss2_ss3_ss4" time="6.184"/>
  <testcase classname="com.guru99bankV4_testCases.LoginSectionTests" name="ss2_ss3_ss4" time="3.197"/>
  <testcase classname="com.guru99bankV4_testCases.LoginSectionTests" name="ss1" time="26.702"/>
</testsuite> <!-- com.guru99bankV4_testCases.LoginSectionTests -->
