<?xml version="1.0" encoding="UTF-8"?>
<!-- Generated by org.testng.reporters.JUnitReportReporter -->
<testsuite hostname="DESKTOP-OD9QNNJ" failures="0" tests="3" name="com.guru99bankV4_testCases.ChangePasswordAndLoginTests" time="43.445" errors="0" timestamp="23 Oct 2023 11:04:47 GMT" skipped="0">
  <testcase classname="com.guru99bankV4_testCases.ChangePasswordAndLoginTests" name="sm2" time="8.600"/>
  <testcase classname="com.guru99bankV4_testCases.ChangePasswordAndLoginTests" name="sm1" time="31.752"/>
  <testcase classname="com.guru99bankV4_testCases.ChangePasswordAndLoginTests" name="sm3" time="3.093"/>
</testsuite> <!-- com.guru99bankV4_testCases.ChangePasswordAndLoginTests -->
